GROUP,PACKAGE,CLASS,INSTRUCTION_MISSED,INSTRUCTION_COVERED,BRANCH_MISSED,BRANCH_COVERED,LINE_MISSED,LINE_COVERED,COMPLEXITY_MISSED,COMPLEXITY_COVERED,METHOD_MISSED,METHOD_COVERED
foodrun,com.flab.foodrun.domain.user.exception,DuplicatedUserIdException,0,3,0,0,0,2,0,1,0,1
foodrun,com.flab.foodrun.web.config,SecurityConfig,0,7,0,0,0,2,0,2,0,2
foodrun,com.flab.foodrun.web.user.form,UserSaveForm,0,33,0,0,0,12,0,1,0,1
foodrun,com.flab.foodrun.web.exceptionhandler.advice,WebExceptionControllerAdvice,0,36,0,0,0,7,0,4,0,4
foodrun,com.flab.foodrun.domain.user.service,UserService,0,31,0,2,0,7,0,3,0,2
foodrun,com.flab.foodrun.web.user,UserController,0,13,0,0,0,2,0,2,0,2
foodrun,com.flab.foodrun,FoodRunApplication,0,8,0,0,0,3,0,2,0,2
foodrun,com.flab.foodrun.domain.user,UserStatus,0,15,0,0,0,3,0,1,0,1
foodrun,com.flab.foodrun.domain.user,Role,0,15,0,0,0,2,0,1,0,1
